TN:
SF:lib/Printer.js
FN:2,(anonymous_0)
FN:4,(anonymous_1)
FN:8,(anonymous_2)
FNF:3
FNH:2
FNDA:2,(anonymous_0)
FNDA:0,(anonymous_1)
FNDA:1,(anonymous_2)
DA:5,0
DA:9,1
DA:13,1
LF:3
LH:2
BRF:0
BRH:0
end_of_record
TN:
SF:lib/bankAccount.js
FN:2,(anonymous_0)
FN:8,(anonymous_1)
FN:22,(anonymous_2)
FN:36,(anonymous_3)
FNF:4
FNH:4
FNDA:9,(anonymous_0)
FNDA:6,(anonymous_1)
FNDA:3,(anonymous_2)
FNDA:2,(anonymous_3)
DA:3,9
DA:4,9
DA:5,9
DA:9,6
DA:10,5
DA:11,5
DA:18,1
DA:23,3
DA:24,2
DA:25,2
DA:32,1
DA:37,2
DA:38,1
DA:40,1
DA:45,1
LF:15
LH:15
BRDA:9,0,0,5
BRDA:9,0,1,1
BRDA:23,1,0,2
BRDA:23,1,1,1
BRDA:37,2,0,1
BRDA:37,2,1,1
BRF:6
BRH:6
end_of_record
