TN:
SF:lib/Printer.js
FN:4,(anonymous_0)
FN:8,(anonymous_1)
FN:12,(anonymous_2)
FN:14,(anonymous_3)
FNF:4
FNH:4
FNDA:11,(anonymous_0)
FNDA:9,(anonymous_1)
FNDA:8,(anonymous_2)
FNDA:11,(anonymous_3)
DA:1,3
DA:5,11
DA:9,9
DA:13,8
DA:14,8
DA:15,11
DA:16,3
DA:18,8
DA:21,8
DA:25,3
LF:10
LH:10
BRDA:15,0,0,3
BRDA:15,0,1,8
BRF:2
BRH:2
end_of_record
TN:
SF:lib/bankAccount.js
FN:4,(anonymous_0)
FN:10,(anonymous_1)
FN:24,(anonymous_2)
FN:38,(anonymous_3)
FNF:4
FNH:4
FNDA:11,(anonymous_0)
FNDA:7,(anonymous_1)
FNDA:4,(anonymous_2)
FNDA:4,(anonymous_3)
DA:1,3
DA:5,11
DA:6,11
DA:7,11
DA:11,7
DA:12,6
DA:13,6
DA:20,1
DA:25,4
DA:26,3
DA:27,3
DA:34,1
DA:39,4
DA:40,4
DA:41,2
DA:43,2
DA:48,3
LF:17
LH:17
BRDA:11,0,0,6
BRDA:11,0,1,1
BRDA:25,1,0,3
BRDA:25,1,1,1
BRDA:40,2,0,2
BRDA:40,2,1,2
BRF:6
BRH:6
end_of_record
